<?xml version="1.0" encoding="UTF-8"?>
<testsuite xmlns:xsi="http://www.w3.org/2001/XMLSchema-instance" xsi:noNamespaceSchemaLocation="https://maven.apache.org/surefire/maven-surefire-plugin/xsd/surefire-test-report.xsd" name="com.netease.lib.generate.AppTest" time="0.27" tests="1" errors="0" skipped="0" failures="0">
  <properties>
    <property name="sun.desktop" value="windows"/>
    <property name="awt.toolkit" value="sun.awt.windows.WToolkit"/>
    <property name="file.encoding.pkg" value="sun.io"/>
    <property name="java.specification.version" value="1.8"/>
    <property name="sun.cpu.isalist" value="amd64"/>
    <property name="sun.jnu.encoding" value="GBK"/>
    <property name="java.class.path" value="C:\Users\wb.xiezhenghong01\Desktop\CodeWaveAssetCompetition2024\IDUtil\target\test-classes;C:\Users\wb.xiezhenghong01\Desktop\CodeWaveAssetCompetition2024\IDUtil\target\classes;C:\Users\wb.xiezhenghong01\.m2\repository\junit\junit\3.8.1\junit-3.8.1.jar;C:\Users\wb.xiezhenghong01\.m2\repository\com\netease\lowcode\nasl-metadata-collector\0.7.0\nasl-metadata-collector-0.7.0.jar;"/>
    <property name="java.vm.vendor" value="Amazon.com Inc."/>
    <property name="sun.arch.data.model" value="64"/>
    <property name="user.variant" value=""/>
    <property name="java.vendor.url" value="https://aws.amazon.com/corretto/"/>
    <property name="user.timezone" value="Asia/Shanghai"/>
    <property name="java.vm.specification.version" value="1.8"/>
    <property name="os.name" value="Windows 10"/>
    <property name="user.country" value="CN"/>
    <property name="sun.java.launcher" value="SUN_STANDARD"/>
    <property name="sun.boot.library.path" value="C:\Users\wb.xiezhenghong01\.jdks\corretto-1.8.0_392\jre\bin"/>
    <property name="sun.java.command" value="C:\Users\WB7CAD~1.XIE\AppData\Local\Temp\surefire8502639651854922143\surefirebooter2993233476366153916.jar C:\Users\wb.xiezhenghong01\AppData\Local\Temp\surefire8502639651854922143 2024-03-20T11-39-36_629-jvmRun1 surefire5054056313956301265tmp surefire_03881980225419104328tmp"/>
    <property name="surefire.test.class.path" value="C:\Users\wb.xiezhenghong01\Desktop\CodeWaveAssetCompetition2024\IDUtil\target\test-classes;C:\Users\wb.xiezhenghong01\Desktop\CodeWaveAssetCompetition2024\IDUtil\target\classes;C:\Users\wb.xiezhenghong01\.m2\repository\junit\junit\3.8.1\junit-3.8.1.jar;C:\Users\wb.xiezhenghong01\.m2\repository\com\netease\lowcode\nasl-metadata-collector\0.7.0\nasl-metadata-collector-0.7.0.jar;"/>
    <property name="sun.cpu.endian" value="little"/>
    <property name="user.home" value="C:\Users\wb.xiezhenghong01"/>
    <property name="user.language" value="zh"/>
    <property name="java.specification.vendor" value="Oracle Corporation"/>
    <property name="java.home" value="C:\Users\wb.xiezhenghong01\.jdks\corretto-1.8.0_392\jre"/>
    <property name="basedir" value="C:\Users\wb.xiezhenghong01\Desktop\CodeWaveAssetCompetition2024\IDUtil"/>
    <property name="file.separator" value="\"/>
    <property name="line.separator" value="&#10;"/>
    <property name="java.vm.specification.vendor" value="Oracle Corporation"/>
    <property name="java.specification.name" value="Java Platform API Specification"/>
    <property name="java.awt.graphicsenv" value="sun.awt.Win32GraphicsEnvironment"/>
    <property name="surefire.real.class.path" value="C:\Users\WB7CAD~1.XIE\AppData\Local\Temp\surefire8502639651854922143\surefirebooter2993233476366153916.jar"/>
    <property name="sun.boot.class.path" value="C:\Users\wb.xiezhenghong01\.jdks\corretto-1.8.0_392\jre\lib\resources.jar;C:\Users\wb.xiezhenghong01\.jdks\corretto-1.8.0_392\jre\lib\rt.jar;C:\Users\wb.xiezhenghong01\.jdks\corretto-1.8.0_392\jre\lib\sunrsasign.jar;C:\Users\wb.xiezhenghong01\.jdks\corretto-1.8.0_392\jre\lib\jsse.jar;C:\Users\wb.xiezhenghong01\.jdks\corretto-1.8.0_392\jre\lib\jce.jar;C:\Users\wb.xiezhenghong01\.jdks\corretto-1.8.0_392\jre\lib\charsets.jar;C:\Users\wb.xiezhenghong01\.jdks\corretto-1.8.0_392\jre\lib\jfr.jar;C:\Users\wb.xiezhenghong01\.jdks\corretto-1.8.0_392\jre\classes"/>
    <property name="user.script" value=""/>
    <property name="sun.management.compiler" value="HotSpot 64-Bit Tiered Compilers"/>
    <property name="java.runtime.version" value="1.8.0_392-b08"/>
    <property name="user.name" value="wb.xiezhenghong01"/>
    <property name="path.separator" value=";"/>
    <property name="os.version" value="10.0"/>
    <property name="java.endorsed.dirs" value="C:\Users\wb.xiezhenghong01\.jdks\corretto-1.8.0_392\jre\lib\endorsed"/>
    <property name="java.runtime.name" value="OpenJDK Runtime Environment"/>
    <property name="file.encoding" value="GBK"/>
    <property name="java.vm.name" value="OpenJDK 64-Bit Server VM"/>
    <property name="localRepository" value="C:\Users\wb.xiezhenghong01\.m2\repository"/>
    <property name="java.vendor.url.bug" value="https://github.com/corretto/corretto-8/issues/"/>
    <property name="java.io.tmpdir" value="C:\Users\WB7CAD~1.XIE\AppData\Local\Temp\"/>
    <property name="idea.version" value="2023.1.2"/>
    <property name="java.version" value="1.8.0_392"/>
    <property name="user.dir" value="C:\Users\wb.xiezhenghong01\Desktop\CodeWaveAssetCompetition2024\IDUtil"/>
    <property name="os.arch" value="amd64"/>
    <property name="java.vm.specification.name" value="Java Virtual Machine Specification"/>
    <property name="java.awt.printerjob" value="sun.awt.windows.WPrinterJob"/>
    <property name="sun.os.patch.level" value=""/>
    <property name="java.library.path" value="C:\Users\wb.xiezhenghong01\.jdks\corretto-1.8.0_392\jre\bin;C:\windows\Sun\Java\bin;C:\windows\system32;C:\windows;C:\Program Files\YunShu\utils;C:\windows\system32;C:\windows;C:\windows\System32\Wbem;C:\windows\System32\WindowsPowerShell\v1.0\;C:\windows\System32\OpenSSH\;C:\Program Files (x86)\NVIDIA Corporation\PhysX\Common;C:\Program Files\NVIDIA Corporation\NVIDIA NvDLISR;D:\Microsoft VS Code\bin;D:\Roaming\nvm;C:\Program Files\nodejs;D:\Tencent\微信web开发者工具\dll;D:\Jet;rains\IntelliJ IDEA Community Edition 2023.1.2\plugins\maven\lib\maven3\bin;C:\Users\wb.xiezhenghong01\.jdks\corretto-1.8.0_392\bin;D:\Git\cmd;D:\maven\apache-maven-3.9.6\bin;C:\Program Files\dotnet\;C:\Users\wb.xiezhenghong01\AppData\Local\Programs\Python\Python39\Scripts\;C:\Users\wb.xiezhenghong01\AppData\Local\Programs\Python\Python39\;C:\Users\wb.xiezhenghong01\AppData\Local\Microsoft\WindowsApps;D:\JetBrains\IntelliJ IDEA Community Edition 2023.1.2\bin;;D:\Roaming\nvm;C:\Program Files\nodejs;D:\PyCharm Community Edition 2023.1.2\bin;;."/>
    <property name="java.vm.info" value="mixed mode"/>
    <property name="java.vendor" value="Amazon.com Inc."/>
    <property name="java.vm.version" value="25.392-b08"/>
    <property name="java.specification.maintenance.version" value="5"/>
    <property name="java.ext.dirs" value="C:\Users\wb.xiezhenghong01\.jdks\corretto-1.8.0_392\jre\lib\ext;C:\windows\Sun\Java\lib\ext"/>
    <property name="sun.io.unicode.encoding" value="UnicodeLittle"/>
    <property name="java.class.version" value="52.0"/>
  </properties>
  <testcase name="testGenerateRandomString" classname="com.netease.lib.generate.AppTest" time="0.266"/>
</testsuite>